<?xml version="1.0" encoding="utf-8"?><testsuites name="pytest tests"><testsuite name="pytest" errors="0" failures="0" skipped="0" tests="7" time="1.119" timestamp="2026-04-23T02:47:04.186725+00:00" hostname="agent-env-cf5469d0-fba3-4548-afbc-fb39abfa4d09"><testcase classname="backend.tests.test_backend.TestSprites" name="test_root" time="0.208" /><testcase classname="backend.tests.test_backend.TestSprites" name="test_list_seeded_sprites" time="0.049" /><testcase classname="backend.tests.test_backend.TestSprites" name="test_create_update_delete_sprite" time="0.292" /><testcase classname="backend.tests.test_backend.TestSprites" name="test_delete_builtin_rejected" time="0.092" /><testcase classname="backend.tests.test_backend.TestSprites" name="test_seed_endpoint" time="0.100" /><testcase classname="backend.tests.test_backend.TestSettings" name="test_get_default_settings" time="0.079" /><testcase classname="backend.tests.test_backend.TestSettings" name="test_update_settings_state_map" time="0.160" /></testsuite></testsuites>