<?xml version="1.0" encoding="utf-8"?><testsuites name="pytest tests"><testsuite name="pytest" errors="0" failures="0" skipped="0" tests="9" time="1.501" timestamp="2026-04-23T03:17:50.916474+00:00" hostname="agent-env-cf5469d0-fba3-4548-afbc-fb39abfa4d09"><testcase classname="tests.test_backend.TestSprites" name="test_root" time="0.433" /><testcase classname="tests.test_backend.TestSprites" name="test_list_has_10_blob_variants" time="0.055" /><testcase classname="tests.test_backend.TestSprites" name="test_blob_sprites_have_frames" time="0.049" /><testcase classname="tests.test_backend.TestSprites" name="test_create_update_delete_sprite" time="0.316" /><testcase classname="tests.test_backend.TestSprites" name="test_delete_builtin_rejected" time="0.058" /><testcase classname="tests.test_backend.TestSprites" name="test_seed_endpoint" time="0.067" /><testcase classname="tests.test_backend.TestSettings" name="test_get_default_settings_new_fields" time="0.059" /><testcase classname="tests.test_backend.TestSettings" name="test_partial_update_new_fields" time="0.175" /><testcase classname="tests.test_backend.TestSettings" name="test_update_state_map_preserves_10" time="0.208" /></testsuite></testsuites>